<?xml version="1.0" encoding="UTF-8"?>
<testng-results skipped="0" failed="0" ignored="0" total="2" passed="2">
  <reporter-output>
  </reporter-output>
  <suite name="Default suite" duration-ms="14255" started-at="2018-03-22T16:07:12Z" finished-at="2018-03-22T16:07:26Z">
    <groups>
    </groups>
    <test name="Default test" duration-ms="14255" started-at="2018-03-22T16:07:12Z" finished-at="2018-03-22T16:07:26Z">
      <class name="qaclickacademy.SeleniumTest">
        <test-method status="PASS" signature="BrowserAUtomation()[pri:0, instance:qaclickacademy.SeleniumTest@589838eb]" name="BrowserAUtomation" duration-ms="14198" started-at="2018-03-22T16:07:12Z" finished-at="2018-03-22T16:07:26Z">
          <reporter-output>
          </reporter-output>
        </test-method> <!-- BrowserAUtomation -->
        <test-method status="PASS" signature="elementsUi()[pri:0, instance:qaclickacademy.SeleniumTest@589838eb]" name="elementsUi" duration-ms="1" started-at="2018-03-22T16:07:26Z" finished-at="2018-03-22T16:07:26Z">
          <reporter-output>
          </reporter-output>
        </test-method> <!-- elementsUi -->
      </class> <!-- qaclickacademy.SeleniumTest -->
    </test> <!-- Default test -->
  </suite> <!-- Default suite -->
</testng-results>
